Watching for file changes with StatReloader
"GET / HTTP/1.1" 200 13
"GET /about/ HTTP/1.1" 200 8
Watching for file changes with StatReloader
Index page accessed
"GET / HTTP/1.1" 200 13
Error in about page: division by zero
Traceback (most recent call last):
  File "C:\Users\Admin\MyProjectsPython\GB_Django\lesson_01\myapp\views.py", line 17, in about
    result = 1 / 0
ZeroDivisionError: division by zero
"GET /about/ HTTP/1.1" 200 27
INFO 2023-08-05 12:23:20,926 autoreload 8120 11452 Watching for file changes with StatReloader
INFO 2023-08-05 12:23:22,801 views 8120 12488 Index page accessed
INFO 2023-08-05 12:23:22,802 basehttp 8120 12488 "GET / HTTP/1.1" 200 13
ERROR 2023-08-05 12:23:26,359 views 8120 12488 Error in about page: division by zero
Traceback (most recent call last):
  File "C:\Users\Admin\MyProjectsPython\GB_Django\lesson_01\myapp\views.py", line 17, in about
    result = 1 / 0
ZeroDivisionError: division by zero
INFO 2023-08-05 12:23:26,360 basehttp 8120 12488 "GET /about/ HTTP/1.1" 200 27
INFO 2023-08-05 12:23:30,856 views 8120 12488 Index page accessed
INFO 2023-08-05 12:23:30,856 basehttp 8120 12488 "GET / HTTP/1.1" 200 13
INFO 2023-08-09 19:56:13,573 autoreload 9636 704 Watching for file changes with StatReloader
INFO 2023-08-09 19:56:16,739 views 9636 9440 Index page accessed
INFO 2023-08-09 19:56:16,741 basehttp 9636 9440 "GET / HTTP/1.1" 200 13
WARNING 2023-08-09 19:56:17,095 log 9636 9440 Not Found: /favicon.ico
WARNING 2023-08-09 19:56:17,096 basehttp 9636 9440 "GET /favicon.ico HTTP/1.1" 404 2545
WARNING 2023-08-09 19:56:21,812 log 9636 9440 Not Found: /les3
WARNING 2023-08-09 19:56:21,813 basehttp 9636 9440 "GET /les3 HTTP/1.1" 404 2764
WARNING 2023-08-09 19:56:30,672 log 9636 9440 Not Found: /les3/hello
WARNING 2023-08-09 19:56:30,673 basehttp 9636 9440 "GET /les3/hello HTTP/1.1" 404 2782
WARNING 2023-08-09 19:57:45,012 log 9636 9440 Not Found: /les3/hello2
WARNING 2023-08-09 19:57:45,013 basehttp 9636 9440 "GET /les3/hello2 HTTP/1.1" 404 2785
WARNING 2023-08-09 19:57:52,436 log 9636 9440 Not Found: /les3/
WARNING 2023-08-09 19:57:52,437 basehttp 9636 9440 "GET /les3/ HTTP/1.1" 404 2767
INFO 2023-08-09 19:59:59,895 autoreload 5684 6548 Watching for file changes with StatReloader
INFO 2023-08-09 20:00:01,607 views 5684 14176 Index page accessed
INFO 2023-08-09 20:00:01,609 basehttp 5684 14176 "GET / HTTP/1.1" 200 13
WARNING 2023-08-09 20:00:08,328 log 5684 14176 Not Found: /les3
WARNING 2023-08-09 20:00:08,329 basehttp 5684 14176 "GET /les3 HTTP/1.1" 404 2764
WARNING 2023-08-09 20:00:15,597 log 5684 14176 Not Found: /les3/hello/
WARNING 2023-08-09 20:00:15,598 basehttp 5684 14176 "GET /les3/hello/ HTTP/1.1" 404 2785
WARNING 2023-08-09 20:00:20,769 log 5684 14176 Not Found: /les3/hello2/
WARNING 2023-08-09 20:00:20,770 basehttp 5684 14176 "GET /les3/hello2/ HTTP/1.1" 404 2788
WARNING 2023-08-09 20:01:18,023 log 5684 14176 Not Found: /les3/hello
WARNING 2023-08-09 20:01:18,024 basehttp 5684 14176 "GET /les3/hello HTTP/1.1" 404 2782
INFO 2023-08-09 20:03:45,967 autoreload 7024 12816 Watching for file changes with StatReloader
INFO 2023-08-09 20:04:00,884 autoreload 7024 12816 C:\Users\Admin\MyProjectsPython\GB_Django\lesson_01\myapp3\urls.py changed, reloading.
INFO 2023-08-09 20:04:01,358 autoreload 3924 656 Watching for file changes with StatReloader
INFO 2023-08-09 20:04:31,633 views 3924 13796 Index page accessed
INFO 2023-08-09 20:04:31,635 basehttp 3924 13796 "GET / HTTP/1.1" 200 13
INFO 2023-08-09 20:04:37,119 basehttp 3924 13796 "GET /about HTTP/1.1" 301 0
ERROR 2023-08-09 20:04:37,128 views 3924 13852 Error in about page: division by zero
Traceback (most recent call last):
  File "C:\Users\Admin\MyProjectsPython\GB_Django\lesson_01\myapp\views.py", line 17, in about
    result = 1 / 0
ZeroDivisionError: division by zero
INFO 2023-08-09 20:04:37,134 basehttp 3924 13852 "GET /about/ HTTP/1.1" 200 27
INFO 2023-08-09 20:05:06,346 autoreload 3924 656 C:\Users\Admin\MyProjectsPython\GB_Django\lesson_01\lesson_01\urls.py changed, reloading.
INFO 2023-08-09 20:05:06,879 autoreload 13240 3816 Watching for file changes with StatReloader
INFO 2023-08-09 20:05:07,981 views 13240 10072 Index page accessed
INFO 2023-08-09 20:05:07,983 basehttp 13240 10072 "GET / HTTP/1.1" 200 13
INFO 2023-08-09 20:05:15,347 basehttp 13240 10072 "GET /les3/hello HTTP/1.1" 301 0
INFO 2023-08-09 20:05:15,356 basehttp 13240 13108 "GET /les3/hello/ HTTP/1.1" 200 26
INFO 2023-08-09 20:07:23,226 autoreload 13240 3816 C:\Users\Admin\MyProjectsPython\GB_Django\lesson_01\myapp3\urls.py changed, reloading.
INFO 2023-08-09 20:07:23,736 autoreload 6920 8188 Watching for file changes with StatReloader
INFO 2023-08-09 20:07:39,565 autoreload 6920 8188 C:\Users\Admin\MyProjectsPython\GB_Django\lesson_01\myapp3\urls.py changed, reloading.
INFO 2023-08-09 20:07:40,046 autoreload 10664 13500 Watching for file changes with StatReloader
INFO 2023-08-09 20:08:24,787 autoreload 10664 13500 C:\Users\Admin\MyProjectsPython\GB_Django\lesson_01\myapp3\urls.py changed, reloading.
INFO 2023-08-09 20:08:25,262 autoreload 7840 8064 Watching for file changes with StatReloader
INFO 2023-08-15 21:00:38,667 autoreload 3568 8836 Watching for file changes with StatReloader
INFO 2023-08-15 21:02:19,511 autoreload 3568 8836 C:\Users\Admin\MyProjectsPython\GB_Django\lesson_01\myapp3\views.py changed, reloading.
INFO 2023-08-15 21:02:20,078 autoreload 2456 6960 Watching for file changes with StatReloader
INFO 2023-08-15 21:02:33,996 autoreload 2456 6960 C:\Users\Admin\MyProjectsPython\GB_Django\lesson_01\myapp3\views.py changed, reloading.
INFO 2023-08-15 21:02:34,584 autoreload 3188 14960 Watching for file changes with StatReloader
INFO 2023-08-15 21:02:36,229 views 3188 11976 Index page accessed
INFO 2023-08-15 21:02:36,230 basehttp 3188 11976 "GET / HTTP/1.1" 200 13
WARNING 2023-08-15 21:02:36,625 log 3188 11976 Not Found: /favicon.ico
WARNING 2023-08-15 21:02:36,626 basehttp 3188 11976 "GET /favicon.ico HTTP/1.1" 404 2546
WARNING 2023-08-15 21:02:45,219 log 3188 11976 Not Found: /les3/posts
WARNING 2023-08-15 21:02:45,220 basehttp 3188 11976 "GET /les3/posts HTTP/1.1" 404 3420
INFO 2023-08-15 21:03:00,498 basehttp 3188 11976 "GET /les3/posts/2022 HTTP/1.1" 301 0
INFO 2023-08-15 21:03:00,505 basehttp 3188 10908 "GET /les3/posts/2022/ HTTP/1.1" 200 19
INFO 2023-08-15 21:03:03,764 basehttp 3188 10908 "GET /les3/posts/2022/6 HTTP/1.1" 301 0
INFO 2023-08-15 21:03:03,772 basehttp 3188 6964 "GET /les3/posts/2022/6/ HTTP/1.1" 200 21
INFO 2023-08-15 21:05:28,564 autoreload 14528 9112 Watching for file changes with StatReloader
INFO 2023-08-15 21:05:29,738 views 14528 2976 Index page accessed
INFO 2023-08-15 21:05:29,740 basehttp 14528 2976 "GET / HTTP/1.1" 200 13
INFO 2023-08-15 21:05:38,164 basehttp 14528 2976 "GET /les3/posts/2022/6/python HTTP/1.1" 301 0
INFO 2023-08-15 21:05:38,174 basehttp 14528 12780 "GET /les3/posts/2022/6/python/ HTTP/1.1" 200 360
INFO 2023-08-15 21:14:07,890 autoreload 920 14512 Watching for file changes with StatReloader
INFO 2023-08-15 21:14:09,107 views 920 12024 Index page accessed
INFO 2023-08-15 21:14:09,109 basehttp 920 12024 "GET / HTTP/1.1" 200 13
INFO 2023-08-15 21:14:12,966 basehttp 920 12024 "GET /les3 HTTP/1.1" 301 0
INFO 2023-08-15 21:14:12,989 basehttp 920 4412 "GET /les3/ HTTP/1.1" 200 176
INFO 2023-08-15 21:23:15,266 autoreload 5576 4224 Watching for file changes with StatReloader
INFO 2023-08-15 21:23:16,831 views 5576 3560 Index page accessed
INFO 2023-08-15 21:23:16,833 basehttp 5576 3560 "GET / HTTP/1.1" 200 13
WARNING 2023-08-15 21:23:30,852 log 5576 3560 Not Found: /les3/if
WARNING 2023-08-15 21:23:30,853 basehttp 5576 3560 "GET /les3/if HTTP/1.1" 404 3577
INFO 2023-08-15 21:24:08,145 autoreload 5576 4224 C:\Users\Admin\MyProjectsPython\GB_Django\lesson_01\myapp3\urls.py changed, reloading.
INFO 2023-08-15 21:24:08,670 autoreload 5780 2824 Watching for file changes with StatReloader
INFO 2023-08-15 21:24:09,859 views 5780 3412 Index page accessed
INFO 2023-08-15 21:24:09,861 basehttp 5780 3412 "GET / HTTP/1.1" 200 13
INFO 2023-08-15 21:24:16,428 basehttp 5780 3412 "GET /les3/if HTTP/1.1" 301 0
INFO 2023-08-15 21:24:16,455 basehttp 5780 920 "GET /les3/if/ HTTP/1.1" 200 349
INFO 2023-08-15 21:44:00,385 autoreload 13792 4624 Watching for file changes with StatReloader
INFO 2023-08-15 21:44:01,764 views 13792 11992 Index page accessed
INFO 2023-08-15 21:44:01,766 basehttp 13792 11992 "GET / HTTP/1.1" 200 13
INFO 2023-08-15 21:44:08,182 basehttp 13792 11992 "GET /les3/index HTTP/1.1" 301 0
INFO 2023-08-15 21:44:08,192 basehttp 13792 1888 "GET /les3/index/ HTTP/1.1" 200 214
INFO 2023-08-15 21:44:13,521 basehttp 13792 1888 "GET /les3/about HTTP/1.1" 301 0
INFO 2023-08-15 21:44:13,527 basehttp 13792 14932 "GET /les3/about/ HTTP/1.1" 200 220
INFO 2023-08-16 19:01:37,083 autoreload 3516 8324 Watching for file changes with StatReloader
INFO 2023-08-16 19:01:38,648 views 3516 15316 Index page accessed
INFO 2023-08-16 19:01:38,651 basehttp 3516 15316 "GET / HTTP/1.1" 200 13
INFO 2023-08-16 19:01:45,133 basehttp 3516 15316 "GET /les3/ HTTP/1.1" 200 176
INFO 2023-08-16 19:01:49,320 basehttp 3516 15316 "GET /les3/index HTTP/1.1" 301 0
ERROR 2023-08-16 19:01:49,436 log 3516 16056 Internal Server Error: /les3/index/
Traceback (most recent call last):
  File "C:\Users\Admin\MyProjectsPython\GB_Django\venv\lib\site-packages\django\template\backends\django.py", line 61, in render
    return self.template.render(context)
  File "C:\Users\Admin\MyProjectsPython\GB_Django\venv\lib\site-packages\django\template\base.py", line 175, in render
    return self._render(context)
  File "C:\Users\Admin\MyProjectsPython\GB_Django\venv\lib\site-packages\django\template\base.py", line 167, in _render
    return self.nodelist.render(context)
  File "C:\Users\Admin\MyProjectsPython\GB_Django\venv\lib\site-packages\django\template\base.py", line 1005, in render
    return SafeString("".join([node.render_annotated(context) for node in self]))
  File "C:\Users\Admin\MyProjectsPython\GB_Django\venv\lib\site-packages\django\template\base.py", line 1005, in <listcomp>
    return SafeString("".join([node.render_annotated(context) for node in self]))
  File "C:\Users\Admin\MyProjectsPython\GB_Django\venv\lib\site-packages\django\template\base.py", line 966, in render_annotated
    return self.render(context)
  File "C:\Users\Admin\MyProjectsPython\GB_Django\venv\lib\site-packages\django\template\loader_tags.py", line 132, in render
    compiled_parent = self.get_parent(context)
  File "C:\Users\Admin\MyProjectsPython\GB_Django\venv\lib\site-packages\django\template\loader_tags.py", line 129, in get_parent
    return self.find_template(parent, context)
  File "C:\Users\Admin\MyProjectsPython\GB_Django\venv\lib\site-packages\django\template\loader_tags.py", line 107, in find_template
    template, origin = context.template.engine.find_template(
  File "C:\Users\Admin\MyProjectsPython\GB_Django\venv\lib\site-packages\django\template\engine.py", line 161, in find_template
    raise TemplateDoesNotExist(name, tried=tried)
django.template.exceptions.TemplateDoesNotExist: base.html

The above exception was the direct cause of the following exception:

Traceback (most recent call last):
  File "C:\Users\Admin\MyProjectsPython\GB_Django\venv\lib\site-packages\django\core\handlers\exception.py", line 55, in inner
    response = get_response(request)
  File "C:\Users\Admin\MyProjectsPython\GB_Django\venv\lib\site-packages\django\core\handlers\base.py", line 197, in _get_response
    response = wrapped_callback(request, *callback_args, **callback_kwargs)
  File "C:\Users\Admin\MyProjectsPython\GB_Django\lesson_01\myapp3\views.py", line 73, in index
    return render(request, "myapp3/index.html")
  File "C:\Users\Admin\MyProjectsPython\GB_Django\venv\lib\site-packages\django\shortcuts.py", line 24, in render
    content = loader.render_to_string(template_name, context, request, using=using)
  File "C:\Users\Admin\MyProjectsPython\GB_Django\venv\lib\site-packages\django\template\loader.py", line 62, in render_to_string
    return template.render(context, request)
  File "C:\Users\Admin\MyProjectsPython\GB_Django\venv\lib\site-packages\django\template\backends\django.py", line 63, in render
    reraise(exc, self.backend)
  File "C:\Users\Admin\MyProjectsPython\GB_Django\venv\lib\site-packages\django\template\backends\django.py", line 84, in reraise
    raise new from exc
django.template.exceptions.TemplateDoesNotExist: base.html
ERROR 2023-08-16 19:01:49,441 basehttp 3516 16056 "GET /les3/index/ HTTP/1.1" 500 130393
INFO 2023-08-16 19:03:33,537 views 3516 16056 Index page accessed
INFO 2023-08-16 19:03:33,539 basehttp 3516 16056 "GET / HTTP/1.1" 200 13
WARNING 2023-08-16 19:03:37,004 log 3516 16056 Not Found: /index
WARNING 2023-08-16 19:03:37,005 basehttp 3516 16056 "GET /index HTTP/1.1" 404 2528
ERROR 2023-08-16 19:03:44,545 log 3516 16056 Internal Server Error: /les3/index/
Traceback (most recent call last):
  File "C:\Users\Admin\MyProjectsPython\GB_Django\venv\lib\site-packages\django\template\backends\django.py", line 61, in render
    return self.template.render(context)
  File "C:\Users\Admin\MyProjectsPython\GB_Django\venv\lib\site-packages\django\template\base.py", line 175, in render
    return self._render(context)
  File "C:\Users\Admin\MyProjectsPython\GB_Django\venv\lib\site-packages\django\template\base.py", line 167, in _render
    return self.nodelist.render(context)
  File "C:\Users\Admin\MyProjectsPython\GB_Django\venv\lib\site-packages\django\template\base.py", line 1005, in render
    return SafeString("".join([node.render_annotated(context) for node in self]))
  File "C:\Users\Admin\MyProjectsPython\GB_Django\venv\lib\site-packages\django\template\base.py", line 1005, in <listcomp>
    return SafeString("".join([node.render_annotated(context) for node in self]))
  File "C:\Users\Admin\MyProjectsPython\GB_Django\venv\lib\site-packages\django\template\base.py", line 966, in render_annotated
    return self.render(context)
  File "C:\Users\Admin\MyProjectsPython\GB_Django\venv\lib\site-packages\django\template\loader_tags.py", line 132, in render
    compiled_parent = self.get_parent(context)
  File "C:\Users\Admin\MyProjectsPython\GB_Django\venv\lib\site-packages\django\template\loader_tags.py", line 129, in get_parent
    return self.find_template(parent, context)
  File "C:\Users\Admin\MyProjectsPython\GB_Django\venv\lib\site-packages\django\template\loader_tags.py", line 107, in find_template
    template, origin = context.template.engine.find_template(
  File "C:\Users\Admin\MyProjectsPython\GB_Django\venv\lib\site-packages\django\template\engine.py", line 161, in find_template
    raise TemplateDoesNotExist(name, tried=tried)
django.template.exceptions.TemplateDoesNotExist: base.html

The above exception was the direct cause of the following exception:

Traceback (most recent call last):
  File "C:\Users\Admin\MyProjectsPython\GB_Django\venv\lib\site-packages\django\core\handlers\exception.py", line 55, in inner
    response = get_response(request)
  File "C:\Users\Admin\MyProjectsPython\GB_Django\venv\lib\site-packages\django\core\handlers\base.py", line 197, in _get_response
    response = wrapped_callback(request, *callback_args, **callback_kwargs)
  File "C:\Users\Admin\MyProjectsPython\GB_Django\lesson_01\myapp3\views.py", line 73, in index
    return render(request, "myapp3/index.html")
  File "C:\Users\Admin\MyProjectsPython\GB_Django\venv\lib\site-packages\django\shortcuts.py", line 24, in render
    content = loader.render_to_string(template_name, context, request, using=using)
  File "C:\Users\Admin\MyProjectsPython\GB_Django\venv\lib\site-packages\django\template\loader.py", line 62, in render_to_string
    return template.render(context, request)
  File "C:\Users\Admin\MyProjectsPython\GB_Django\venv\lib\site-packages\django\template\backends\django.py", line 63, in render
    reraise(exc, self.backend)
  File "C:\Users\Admin\MyProjectsPython\GB_Django\venv\lib\site-packages\django\template\backends\django.py", line 84, in reraise
    raise new from exc
django.template.exceptions.TemplateDoesNotExist: base.html
ERROR 2023-08-16 19:03:44,548 basehttp 3516 16056 "GET /les3/index/ HTTP/1.1" 500 130393
INFO 2023-08-16 19:05:08,953 autoreload 3516 8324 C:\Users\Admin\MyProjectsPython\GB_Django\lesson_01\myapp3\views.py changed, reloading.
INFO 2023-08-16 19:05:09,464 autoreload 16140 16012 Watching for file changes with StatReloader
INFO 2023-08-16 19:05:10,565 views 16140 10052 Index page accessed
INFO 2023-08-16 19:05:10,568 basehttp 16140 10052 "GET / HTTP/1.1" 200 13
ERROR 2023-08-16 19:05:14,952 log 16140 10052 Internal Server Error: /les3/index/
Traceback (most recent call last):
  File "C:\Users\Admin\MyProjectsPython\GB_Django\venv\lib\site-packages\django\core\handlers\exception.py", line 55, in inner
    response = get_response(request)
  File "C:\Users\Admin\MyProjectsPython\GB_Django\venv\lib\site-packages\django\core\handlers\base.py", line 197, in _get_response
    response = wrapped_callback(request, *callback_args, **callback_kwargs)
  File "C:\Users\Admin\MyProjectsPython\GB_Django\lesson_01\myapp3\views.py", line 73, in index
    return render(request, "index.html")
  File "C:\Users\Admin\MyProjectsPython\GB_Django\venv\lib\site-packages\django\shortcuts.py", line 24, in render
    content = loader.render_to_string(template_name, context, request, using=using)
  File "C:\Users\Admin\MyProjectsPython\GB_Django\venv\lib\site-packages\django\template\loader.py", line 61, in render_to_string
    template = get_template(template_name, using=using)
  File "C:\Users\Admin\MyProjectsPython\GB_Django\venv\lib\site-packages\django\template\loader.py", line 19, in get_template
    raise TemplateDoesNotExist(template_name, chain=chain)
django.template.exceptions.TemplateDoesNotExist: index.html
ERROR 2023-08-16 19:05:14,954 basehttp 16140 10052 "GET /les3/index/ HTTP/1.1" 500 81965
INFO 2023-08-16 19:05:36,189 autoreload 16140 16012 C:\Users\Admin\MyProjectsPython\GB_Django\lesson_01\myapp3\views.py changed, reloading.
INFO 2023-08-16 19:05:36,917 autoreload 980 13192 Watching for file changes with StatReloader
INFO 2023-08-16 19:05:38,711 views 980 8076 Index page accessed
INFO 2023-08-16 19:05:38,713 basehttp 980 8076 "GET / HTTP/1.1" 200 13
ERROR 2023-08-16 19:05:44,827 log 980 8076 Internal Server Error: /les3/index/
Traceback (most recent call last):
  File "C:\Users\Admin\MyProjectsPython\GB_Django\venv\lib\site-packages\django\template\backends\django.py", line 61, in render
    return self.template.render(context)
  File "C:\Users\Admin\MyProjectsPython\GB_Django\venv\lib\site-packages\django\template\base.py", line 175, in render
    return self._render(context)
  File "C:\Users\Admin\MyProjectsPython\GB_Django\venv\lib\site-packages\django\template\base.py", line 167, in _render
    return self.nodelist.render(context)
  File "C:\Users\Admin\MyProjectsPython\GB_Django\venv\lib\site-packages\django\template\base.py", line 1005, in render
    return SafeString("".join([node.render_annotated(context) for node in self]))
  File "C:\Users\Admin\MyProjectsPython\GB_Django\venv\lib\site-packages\django\template\base.py", line 1005, in <listcomp>
    return SafeString("".join([node.render_annotated(context) for node in self]))
  File "C:\Users\Admin\MyProjectsPython\GB_Django\venv\lib\site-packages\django\template\base.py", line 966, in render_annotated
    return self.render(context)
  File "C:\Users\Admin\MyProjectsPython\GB_Django\venv\lib\site-packages\django\template\loader_tags.py", line 132, in render
    compiled_parent = self.get_parent(context)
  File "C:\Users\Admin\MyProjectsPython\GB_Django\venv\lib\site-packages\django\template\loader_tags.py", line 129, in get_parent
    return self.find_template(parent, context)
  File "C:\Users\Admin\MyProjectsPython\GB_Django\venv\lib\site-packages\django\template\loader_tags.py", line 107, in find_template
    template, origin = context.template.engine.find_template(
  File "C:\Users\Admin\MyProjectsPython\GB_Django\venv\lib\site-packages\django\template\engine.py", line 161, in find_template
    raise TemplateDoesNotExist(name, tried=tried)
django.template.exceptions.TemplateDoesNotExist: base.html

The above exception was the direct cause of the following exception:

Traceback (most recent call last):
  File "C:\Users\Admin\MyProjectsPython\GB_Django\venv\lib\site-packages\django\core\handlers\exception.py", line 55, in inner
    response = get_response(request)
  File "C:\Users\Admin\MyProjectsPython\GB_Django\venv\lib\site-packages\django\core\handlers\base.py", line 197, in _get_response
    response = wrapped_callback(request, *callback_args, **callback_kwargs)
  File "C:\Users\Admin\MyProjectsPython\GB_Django\lesson_01\myapp3\views.py", line 73, in index
    return render(request, "myapp3/index.html")
  File "C:\Users\Admin\MyProjectsPython\GB_Django\venv\lib\site-packages\django\shortcuts.py", line 24, in render
    content = loader.render_to_string(template_name, context, request, using=using)
  File "C:\Users\Admin\MyProjectsPython\GB_Django\venv\lib\site-packages\django\template\loader.py", line 62, in render_to_string
    return template.render(context, request)
  File "C:\Users\Admin\MyProjectsPython\GB_Django\venv\lib\site-packages\django\template\backends\django.py", line 63, in render
    reraise(exc, self.backend)
  File "C:\Users\Admin\MyProjectsPython\GB_Django\venv\lib\site-packages\django\template\backends\django.py", line 84, in reraise
    raise new from exc
django.template.exceptions.TemplateDoesNotExist: base.html
ERROR 2023-08-16 19:05:44,830 basehttp 980 8076 "GET /les3/index/ HTTP/1.1" 500 130393
INFO 2023-08-16 19:06:14,008 basehttp 980 8076 "GET /les3/about HTTP/1.1" 301 0
INFO 2023-08-16 19:06:14,027 basehttp 980 4012 "GET /les3/about/ HTTP/1.1" 200 220
INFO 2023-08-16 19:07:10,386 autoreload 9616 3860 Watching for file changes with StatReloader
INFO 2023-08-16 19:07:12,096 views 9616 15952 Index page accessed
INFO 2023-08-16 19:07:12,098 basehttp 9616 15952 "GET / HTTP/1.1" 200 13
ERROR 2023-08-16 19:07:17,289 log 9616 15952 Internal Server Error: /les3/index/
Traceback (most recent call last):
  File "C:\Users\Admin\MyProjectsPython\GB_Django\venv\lib\site-packages\django\template\backends\django.py", line 61, in render
    return self.template.render(context)
  File "C:\Users\Admin\MyProjectsPython\GB_Django\venv\lib\site-packages\django\template\base.py", line 175, in render
    return self._render(context)
  File "C:\Users\Admin\MyProjectsPython\GB_Django\venv\lib\site-packages\django\template\base.py", line 167, in _render
    return self.nodelist.render(context)
  File "C:\Users\Admin\MyProjectsPython\GB_Django\venv\lib\site-packages\django\template\base.py", line 1005, in render
    return SafeString("".join([node.render_annotated(context) for node in self]))
  File "C:\Users\Admin\MyProjectsPython\GB_Django\venv\lib\site-packages\django\template\base.py", line 1005, in <listcomp>
    return SafeString("".join([node.render_annotated(context) for node in self]))
  File "C:\Users\Admin\MyProjectsPython\GB_Django\venv\lib\site-packages\django\template\base.py", line 966, in render_annotated
    return self.render(context)
  File "C:\Users\Admin\MyProjectsPython\GB_Django\venv\lib\site-packages\django\template\loader_tags.py", line 132, in render
    compiled_parent = self.get_parent(context)
  File "C:\Users\Admin\MyProjectsPython\GB_Django\venv\lib\site-packages\django\template\loader_tags.py", line 129, in get_parent
    return self.find_template(parent, context)
  File "C:\Users\Admin\MyProjectsPython\GB_Django\venv\lib\site-packages\django\template\loader_tags.py", line 107, in find_template
    template, origin = context.template.engine.find_template(
  File "C:\Users\Admin\MyProjectsPython\GB_Django\venv\lib\site-packages\django\template\engine.py", line 161, in find_template
    raise TemplateDoesNotExist(name, tried=tried)
django.template.exceptions.TemplateDoesNotExist: base.html

The above exception was the direct cause of the following exception:

Traceback (most recent call last):
  File "C:\Users\Admin\MyProjectsPython\GB_Django\venv\lib\site-packages\django\core\handlers\exception.py", line 55, in inner
    response = get_response(request)
  File "C:\Users\Admin\MyProjectsPython\GB_Django\venv\lib\site-packages\django\core\handlers\base.py", line 197, in _get_response
    response = wrapped_callback(request, *callback_args, **callback_kwargs)
  File "C:\Users\Admin\MyProjectsPython\GB_Django\lesson_01\myapp3\views.py", line 73, in index
    return render(request, "myapp3/index.html")
  File "C:\Users\Admin\MyProjectsPython\GB_Django\venv\lib\site-packages\django\shortcuts.py", line 24, in render
    content = loader.render_to_string(template_name, context, request, using=using)
  File "C:\Users\Admin\MyProjectsPython\GB_Django\venv\lib\site-packages\django\template\loader.py", line 62, in render_to_string
    return template.render(context, request)
  File "C:\Users\Admin\MyProjectsPython\GB_Django\venv\lib\site-packages\django\template\backends\django.py", line 63, in render
    reraise(exc, self.backend)
  File "C:\Users\Admin\MyProjectsPython\GB_Django\venv\lib\site-packages\django\template\backends\django.py", line 84, in reraise
    raise new from exc
django.template.exceptions.TemplateDoesNotExist: base.html
ERROR 2023-08-16 19:07:17,295 basehttp 9616 15952 "GET /les3/index/ HTTP/1.1" 500 130393
INFO 2023-08-16 19:12:06,370 autoreload 13640 14236 Watching for file changes with StatReloader
ERROR 2023-08-16 19:12:08,086 log 13640 2704 Internal Server Error: /
Traceback (most recent call last):
  File "C:\Users\Admin\MyProjectsPython\GB_Django\venv\lib\site-packages\django\template\backends\django.py", line 61, in render
    return self.template.render(context)
  File "C:\Users\Admin\MyProjectsPython\GB_Django\venv\lib\site-packages\django\template\base.py", line 175, in render
    return self._render(context)
  File "C:\Users\Admin\MyProjectsPython\GB_Django\venv\lib\site-packages\django\template\base.py", line 167, in _render
    return self.nodelist.render(context)
  File "C:\Users\Admin\MyProjectsPython\GB_Django\venv\lib\site-packages\django\template\base.py", line 1005, in render
    return SafeString("".join([node.render_annotated(context) for node in self]))
  File "C:\Users\Admin\MyProjectsPython\GB_Django\venv\lib\site-packages\django\template\base.py", line 1005, in <listcomp>
    return SafeString("".join([node.render_annotated(context) for node in self]))
  File "C:\Users\Admin\MyProjectsPython\GB_Django\venv\lib\site-packages\django\template\base.py", line 966, in render_annotated
    return self.render(context)
  File "C:\Users\Admin\MyProjectsPython\GB_Django\venv\lib\site-packages\django\template\loader_tags.py", line 132, in render
    compiled_parent = self.get_parent(context)
  File "C:\Users\Admin\MyProjectsPython\GB_Django\venv\lib\site-packages\django\template\loader_tags.py", line 129, in get_parent
    return self.find_template(parent, context)
  File "C:\Users\Admin\MyProjectsPython\GB_Django\venv\lib\site-packages\django\template\loader_tags.py", line 107, in find_template
    template, origin = context.template.engine.find_template(
  File "C:\Users\Admin\MyProjectsPython\GB_Django\venv\lib\site-packages\django\template\engine.py", line 161, in find_template
    raise TemplateDoesNotExist(name, tried=tried)
django.template.exceptions.TemplateDoesNotExist: base.html

The above exception was the direct cause of the following exception:

Traceback (most recent call last):
  File "C:\Users\Admin\MyProjectsPython\GB_Django\venv\lib\site-packages\django\core\handlers\exception.py", line 55, in inner
    response = get_response(request)
  File "C:\Users\Admin\MyProjectsPython\GB_Django\venv\lib\site-packages\django\core\handlers\base.py", line 197, in _get_response
    response = wrapped_callback(request, *callback_args, **callback_kwargs)
  File "C:\Users\Admin\MyProjectsPython\GB_Django\lesson_01\myapp3\views.py", line 73, in index
    return render(request, "myapp3/index.html")
  File "C:\Users\Admin\MyProjectsPython\GB_Django\venv\lib\site-packages\django\shortcuts.py", line 24, in render
    content = loader.render_to_string(template_name, context, request, using=using)
  File "C:\Users\Admin\MyProjectsPython\GB_Django\venv\lib\site-packages\django\template\loader.py", line 62, in render_to_string
    return template.render(context, request)
  File "C:\Users\Admin\MyProjectsPython\GB_Django\venv\lib\site-packages\django\template\backends\django.py", line 63, in render
    reraise(exc, self.backend)
  File "C:\Users\Admin\MyProjectsPython\GB_Django\venv\lib\site-packages\django\template\backends\django.py", line 84, in reraise
    raise new from exc
django.template.exceptions.TemplateDoesNotExist: base.html
ERROR 2023-08-16 19:12:08,099 basehttp 13640 2704 "GET / HTTP/1.1" 500 130239
INFO 2023-08-16 19:14:37,307 autoreload 4368 2732 Watching for file changes with StatReloader
ERROR 2023-08-16 19:14:39,135 log 4368 9432 Internal Server Error: /
Traceback (most recent call last):
  File "C:\Users\Admin\MyProjectsPython\GB_Django\venv\lib\site-packages\django\template\backends\django.py", line 61, in render
    return self.template.render(context)
  File "C:\Users\Admin\MyProjectsPython\GB_Django\venv\lib\site-packages\django\template\base.py", line 175, in render
    return self._render(context)
  File "C:\Users\Admin\MyProjectsPython\GB_Django\venv\lib\site-packages\django\template\base.py", line 167, in _render
    return self.nodelist.render(context)
  File "C:\Users\Admin\MyProjectsPython\GB_Django\venv\lib\site-packages\django\template\base.py", line 1005, in render
    return SafeString("".join([node.render_annotated(context) for node in self]))
  File "C:\Users\Admin\MyProjectsPython\GB_Django\venv\lib\site-packages\django\template\base.py", line 1005, in <listcomp>
    return SafeString("".join([node.render_annotated(context) for node in self]))
  File "C:\Users\Admin\MyProjectsPython\GB_Django\venv\lib\site-packages\django\template\base.py", line 966, in render_annotated
    return self.render(context)
  File "C:\Users\Admin\MyProjectsPython\GB_Django\venv\lib\site-packages\django\template\loader_tags.py", line 132, in render
    compiled_parent = self.get_parent(context)
  File "C:\Users\Admin\MyProjectsPython\GB_Django\venv\lib\site-packages\django\template\loader_tags.py", line 129, in get_parent
    return self.find_template(parent, context)
  File "C:\Users\Admin\MyProjectsPython\GB_Django\venv\lib\site-packages\django\template\loader_tags.py", line 107, in find_template
    template, origin = context.template.engine.find_template(
  File "C:\Users\Admin\MyProjectsPython\GB_Django\venv\lib\site-packages\django\template\engine.py", line 161, in find_template
    raise TemplateDoesNotExist(name, tried=tried)
django.template.exceptions.TemplateDoesNotExist: base.html

The above exception was the direct cause of the following exception:

Traceback (most recent call last):
  File "C:\Users\Admin\MyProjectsPython\GB_Django\venv\lib\site-packages\django\core\handlers\exception.py", line 55, in inner
    response = get_response(request)
  File "C:\Users\Admin\MyProjectsPython\GB_Django\venv\lib\site-packages\django\core\handlers\base.py", line 197, in _get_response
    response = wrapped_callback(request, *callback_args, **callback_kwargs)
  File "C:\Users\Admin\MyProjectsPython\GB_Django\lesson_01\myapp3\views.py", line 73, in index
    return render(request, "myapp3/index.html")
  File "C:\Users\Admin\MyProjectsPython\GB_Django\venv\lib\site-packages\django\shortcuts.py", line 24, in render
    content = loader.render_to_string(template_name, context, request, using=using)
  File "C:\Users\Admin\MyProjectsPython\GB_Django\venv\lib\site-packages\django\template\loader.py", line 62, in render_to_string
    return template.render(context, request)
  File "C:\Users\Admin\MyProjectsPython\GB_Django\venv\lib\site-packages\django\template\backends\django.py", line 63, in render
    reraise(exc, self.backend)
  File "C:\Users\Admin\MyProjectsPython\GB_Django\venv\lib\site-packages\django\template\backends\django.py", line 84, in reraise
    raise new from exc
django.template.exceptions.TemplateDoesNotExist: base.html
ERROR 2023-08-16 19:14:39,138 basehttp 4368 9432 "GET / HTTP/1.1" 500 130239
INFO 2023-08-16 19:15:49,073 autoreload 11900 14756 Watching for file changes with StatReloader
INFO 2023-08-16 19:15:50,367 basehttp 11900 9204 "GET / HTTP/1.1" 200 302
INFO 2023-08-16 19:18:22,069 autoreload 11900 14756 C:\Users\Admin\MyProjectsPython\GB_Django\lesson_01\myapp3\models.py changed, reloading.
INFO 2023-08-16 19:18:22,759 autoreload 5316 12280 Watching for file changes with StatReloader
INFO 2023-08-16 19:49:21,023 autoreload 15788 2848 Watching for file changes with StatReloader
INFO 2023-08-16 19:49:23,694 basehttp 15788 6308 "GET / HTTP/1.1" 200 302
INFO 2023-08-16 19:49:34,477 basehttp 15788 6308 "GET /les3/author/5 HTTP/1.1" 301 0
INFO 2023-08-16 19:49:34,494 basehttp 15788 15912 "GET /les3/author/5/ HTTP/1.1" 200 1188
ERROR 2023-08-16 19:49:37,708 log 15788 15912 Internal Server Error: /les3/post/35/
Traceback (most recent call last):
  File "C:\Users\Admin\MyProjectsPython\GB_Django\venv\lib\site-packages\django\core\handlers\exception.py", line 55, in inner
    response = get_response(request)
  File "C:\Users\Admin\MyProjectsPython\GB_Django\venv\lib\site-packages\django\core\handlers\base.py", line 197, in _get_response
    response = wrapped_callback(request, *callback_args, **callback_kwargs)
  File "C:\Users\Admin\MyProjectsPython\GB_Django\lesson_01\myapp3\views.py", line 90, in post_full
    return render(request, 'myapp3/post_full.html', {'post': post})
  File "C:\Users\Admin\MyProjectsPython\GB_Django\venv\lib\site-packages\django\shortcuts.py", line 24, in render
    content = loader.render_to_string(template_name, context, request, using=using)
  File "C:\Users\Admin\MyProjectsPython\GB_Django\venv\lib\site-packages\django\template\loader.py", line 61, in render_to_string
    template = get_template(template_name, using=using)
  File "C:\Users\Admin\MyProjectsPython\GB_Django\venv\lib\site-packages\django\template\loader.py", line 19, in get_template
    raise TemplateDoesNotExist(template_name, chain=chain)
django.template.exceptions.TemplateDoesNotExist: myapp3/post_full.html
ERROR 2023-08-16 19:49:37,711 basehttp 15788 15912 "GET /les3/post/35/ HTTP/1.1" 500 82301
INFO 2023-08-16 19:50:39,025 basehttp 15788 15912 "GET /les3/author/5/ HTTP/1.1" 200 1188
ERROR 2023-08-16 19:50:41,203 log 15788 15912 Internal Server Error: /les3/post/31/
Traceback (most recent call last):
  File "C:\Users\Admin\MyProjectsPython\GB_Django\venv\lib\site-packages\django\core\handlers\exception.py", line 55, in inner
    response = get_response(request)
  File "C:\Users\Admin\MyProjectsPython\GB_Django\venv\lib\site-packages\django\core\handlers\base.py", line 197, in _get_response
    response = wrapped_callback(request, *callback_args, **callback_kwargs)
  File "C:\Users\Admin\MyProjectsPython\GB_Django\lesson_01\myapp3\views.py", line 90, in post_full
    return render(request, 'myapp3/post_full.html', {'post': post})
  File "C:\Users\Admin\MyProjectsPython\GB_Django\venv\lib\site-packages\django\shortcuts.py", line 24, in render
    content = loader.render_to_string(template_name, context, request, using=using)
  File "C:\Users\Admin\MyProjectsPython\GB_Django\venv\lib\site-packages\django\template\loader.py", line 61, in render_to_string
    template = get_template(template_name, using=using)
  File "C:\Users\Admin\MyProjectsPython\GB_Django\venv\lib\site-packages\django\template\loader.py", line 19, in get_template
    raise TemplateDoesNotExist(template_name, chain=chain)
django.template.exceptions.TemplateDoesNotExist: myapp3/post_full.html
ERROR 2023-08-16 19:50:41,205 basehttp 15788 15912 "GET /les3/post/31/ HTTP/1.1" 500 82301
ERROR 2023-08-16 19:52:39,915 log 15788 15912 Internal Server Error: /les3/post/34/
Traceback (most recent call last):
  File "C:\Users\Admin\MyProjectsPython\GB_Django\venv\lib\site-packages\django\core\handlers\exception.py", line 55, in inner
    response = get_response(request)
  File "C:\Users\Admin\MyProjectsPython\GB_Django\venv\lib\site-packages\django\core\handlers\base.py", line 197, in _get_response
    response = wrapped_callback(request, *callback_args, **callback_kwargs)
  File "C:\Users\Admin\MyProjectsPython\GB_Django\lesson_01\myapp3\views.py", line 90, in post_full
    return render(request, 'myapp3/post_full.html', {'post': post})
  File "C:\Users\Admin\MyProjectsPython\GB_Django\venv\lib\site-packages\django\shortcuts.py", line 24, in render
    content = loader.render_to_string(template_name, context, request, using=using)
  File "C:\Users\Admin\MyProjectsPython\GB_Django\venv\lib\site-packages\django\template\loader.py", line 61, in render_to_string
    template = get_template(template_name, using=using)
  File "C:\Users\Admin\MyProjectsPython\GB_Django\venv\lib\site-packages\django\template\loader.py", line 19, in get_template
    raise TemplateDoesNotExist(template_name, chain=chain)
django.template.exceptions.TemplateDoesNotExist: myapp3/post_full.html
ERROR 2023-08-16 19:52:39,916 basehttp 15788 15912 "GET /les3/post/34/ HTTP/1.1" 500 82301
INFO 2023-08-16 19:52:43,480 basehttp 15788 15912 "GET /les3/post/1 HTTP/1.1" 301 0
ERROR 2023-08-16 19:52:43,516 log 15788 8588 Internal Server Error: /les3/post/1/
Traceback (most recent call last):
  File "C:\Users\Admin\MyProjectsPython\GB_Django\venv\lib\site-packages\django\core\handlers\exception.py", line 55, in inner
    response = get_response(request)
  File "C:\Users\Admin\MyProjectsPython\GB_Django\venv\lib\site-packages\django\core\handlers\base.py", line 197, in _get_response
    response = wrapped_callback(request, *callback_args, **callback_kwargs)
  File "C:\Users\Admin\MyProjectsPython\GB_Django\lesson_01\myapp3\views.py", line 90, in post_full
    return render(request, 'myapp3/post_full.html', {'post': post})
  File "C:\Users\Admin\MyProjectsPython\GB_Django\venv\lib\site-packages\django\shortcuts.py", line 24, in render
    content = loader.render_to_string(template_name, context, request, using=using)
  File "C:\Users\Admin\MyProjectsPython\GB_Django\venv\lib\site-packages\django\template\loader.py", line 61, in render_to_string
    template = get_template(template_name, using=using)
  File "C:\Users\Admin\MyProjectsPython\GB_Django\venv\lib\site-packages\django\template\loader.py", line 19, in get_template
    raise TemplateDoesNotExist(template_name, chain=chain)
django.template.exceptions.TemplateDoesNotExist: myapp3/post_full.html
ERROR 2023-08-16 19:52:43,518 basehttp 15788 8588 "GET /les3/post/1/ HTTP/1.1" 500 82122
INFO 2023-08-16 19:53:56,579 autoreload 10840 15820 Watching for file changes with StatReloader
INFO 2023-08-16 19:53:57,565 basehttp 10840 13032 "GET / HTTP/1.1" 200 302
INFO 2023-08-16 19:54:01,413 basehttp 10840 13032 "GET /les3/author/5/ HTTP/1.1" 200 1188
INFO 2023-08-16 19:54:03,458 basehttp 10840 13032 "GET /les3/post/35/ HTTP/1.1" 200 673
WARNING 2023-08-16 19:57:23,209 log 10840 2660 Not Found: /favicon.ico
WARNING 2023-08-16 19:57:23,210 basehttp 10840 2660 "GET /favicon.ico HTTP/1.1" 404 2318
INFO 2023-08-19 11:56:52,804 autoreload 9744 3688 Watching for file changes with StatReloader
INFO 2023-08-19 11:56:57,462 basehttp 9744 14492 "GET / HTTP/1.1" 200 302
WARNING 2023-08-19 11:56:57,759 log 9744 14492 Not Found: /favicon.ico
WARNING 2023-08-19 11:56:57,760 basehttp 9744 14492 "GET /favicon.ico HTTP/1.1" 404 2423
WARNING 2023-08-19 11:57:02,804 log 9744 14716 Not Found: /les4
WARNING 2023-08-19 11:57:02,805 basehttp 9744 14716 "GET /les4 HTTP/1.1" 404 2402
INFO 2023-08-19 11:57:39,830 basehttp 9744 6920 "GET /les4/user/add HTTP/1.1" 301 0
INFO 2023-08-19 11:57:39,898 basehttp 9744 7332 "GET /les4/user/add/ HTTP/1.1" 200 743
INFO 2023-08-19 12:00:53,191 autoreload 14224 9752 Watching for file changes with StatReloader
INFO 2023-08-19 12:00:55,379 basehttp 14224 13784 "GET / HTTP/1.1" 200 302
INFO 2023-08-19 12:01:02,582 basehttp 14224 13784 "GET /les4/user/add/ HTTP/1.1" 200 981
INFO 2023-08-19 12:01:12,217 basehttp 14224 13784 "POST /les4/user/add/ HTTP/1.1" 200 1033
INFO 2023-08-19 12:01:26,698 basehttp 14224 13784 "POST /les4/user/add/ HTTP/1.1" 200 1033
INFO 2023-08-19 12:01:27,815 basehttp 14224 13784 "POST /les4/user/add/ HTTP/1.1" 200 1033
INFO 2023-08-19 12:04:27,936 basehttp 14224 13784 "GET / HTTP/1.1" 200 302
INFO 2023-08-19 12:04:35,294 basehttp 14224 13784 "POST /les4/user/add/ HTTP/1.1" 200 1033
INFO 2023-08-19 12:04:36,341 basehttp 14224 13784 "POST /les4/user/add/ HTTP/1.1" 200 1033
INFO 2023-08-19 12:04:37,048 basehttp 14224 13784 "POST /les4/user/add/ HTTP/1.1" 200 1033
INFO 2023-08-19 12:04:37,624 basehttp 14224 13784 "POST /les4/user/add/ HTTP/1.1" 200 1033
INFO 2023-08-19 12:04:37,880 basehttp 14224 13784 "POST /les4/user/add/ HTTP/1.1" 200 1033
INFO 2023-08-19 12:04:38,071 basehttp 14224 13784 "POST /les4/user/add/ HTTP/1.1" 200 1033
INFO 2023-08-19 12:04:38,253 basehttp 14224 13784 "POST /les4/user/add/ HTTP/1.1" 200 1033
INFO 2023-08-19 12:04:38,567 basehttp 14224 13784 "POST /les4/user/add/ HTTP/1.1" 200 1033
INFO 2023-08-19 12:05:09,312 autoreload 14224 9752 C:\Users\Admin\MyProjectsPython\GB_Django\lesson_01\lesson_01\settings.py changed, reloading.
INFO 2023-08-19 12:05:09,760 autoreload 14664 12684 Watching for file changes with StatReloader
INFO 2023-08-19 12:05:11,190 basehttp 14664 3268 "GET / HTTP/1.1" 200 302
INFO 2023-08-19 12:05:15,748 views 14664 3268 Получили name='wqd', email='nikoeremeev@mail.ru', age=30.
INFO 2023-08-19 12:05:15,763 basehttp 14664 3268 "POST /les4/user/add/ HTTP/1.1" 200 1033
INFO 2023-08-19 12:05:16,779 views 14664 3268 Получили name='wqd', email='nikoeremeev@mail.ru', age=30.
INFO 2023-08-19 12:05:16,781 basehttp 14664 3268 "POST /les4/user/add/ HTTP/1.1" 200 1033
INFO 2023-08-19 12:06:54,996 autoreload 14664 12684 C:\Users\Admin\MyProjectsPython\GB_Django\lesson_01\myapp4\forms.py changed, reloading.
INFO 2023-08-19 12:06:55,544 autoreload 3044 10524 Watching for file changes with StatReloader
INFO 2023-08-19 12:11:06,255 autoreload 3044 10524 C:\Users\Admin\MyProjectsPython\GB_Django\lesson_01\myapp4\views.py changed, reloading.
INFO 2023-08-19 12:11:06,756 autoreload 14340 4956 Watching for file changes with StatReloader
INFO 2023-08-19 12:11:44,417 autoreload 14340 4956 C:\Users\Admin\MyProjectsPython\GB_Django\lesson_01\myapp4\views.py changed, reloading.
INFO 2023-08-19 12:11:44,978 autoreload 3356 11808 Watching for file changes with StatReloader
INFO 2023-08-19 12:11:51,546 autoreload 3356 11808 C:\Users\Admin\MyProjectsPython\GB_Django\lesson_01\myapp4\views.py changed, reloading.
INFO 2023-08-19 12:11:51,994 autoreload 1756 14996 Watching for file changes with StatReloader
INFO 2023-08-19 12:12:01,648 autoreload 1756 14996 C:\Users\Admin\MyProjectsPython\GB_Django\lesson_01\myapp4\views.py changed, reloading.
INFO 2023-08-19 12:12:02,110 autoreload 5892 3688 Watching for file changes with StatReloader
INFO 2023-08-19 12:12:09,698 autoreload 5892 3688 C:\Users\Admin\MyProjectsPython\GB_Django\lesson_01\myapp4\views.py changed, reloading.
INFO 2023-08-19 12:12:10,149 autoreload 14584 7600 Watching for file changes with StatReloader
INFO 2023-08-19 12:12:15,661 autoreload 14584 7600 C:\Users\Admin\MyProjectsPython\GB_Django\lesson_01\myapp4\views.py changed, reloading.
INFO 2023-08-19 12:12:16,112 autoreload 2800 5924 Watching for file changes with StatReloader
INFO 2023-08-19 12:14:04,096 autoreload 2800 5924 C:\Users\Admin\MyProjectsPython\GB_Django\lesson_01\myapp4\urls.py changed, reloading.
INFO 2023-08-19 12:14:04,612 autoreload 4064 9832 Watching for file changes with StatReloader
INFO 2023-08-19 12:15:52,003 basehttp 4064 4656 "GET / HTTP/1.1" 200 302
WARNING 2023-08-19 12:15:59,565 log 4064 4656 Not Found: /les4/form
WARNING 2023-08-19 12:15:59,565 basehttp 4064 4656 "GET /les4/form HTTP/1.1" 404 2674
INFO 2023-08-19 12:16:04,025 basehttp 4064 4656 "GET /les4/forms HTTP/1.1" 301 0
INFO 2023-08-19 12:16:04,073 basehttp 4064 5360 "GET /les4/forms/ HTTP/1.1" 200 1508
INFO 2023-08-19 12:16:27,571 views 4064 5360 Получили form.cleaned_data={'name': 'qwd', 'email': 'mail@mail.ru', 'age': 30, 'height': 180.0, 'is_active': True, 'birthdate': datetime.date(2023, 8, 19), 'gender': 'M'}.
INFO 2023-08-19 12:16:27,576 basehttp 4064 5360 "POST /les4/forms/ HTTP/1.1" 200 1581
INFO 2023-08-19 12:22:23,205 autoreload 4064 9832 C:\Users\Admin\MyProjectsPython\GB_Django\lesson_01\myapp4\views.py changed, reloading.
INFO 2023-08-19 12:22:23,742 autoreload 9312 14788 Watching for file changes with StatReloader
INFO 2023-08-19 12:22:47,835 autoreload 9312 14788 C:\Users\Admin\MyProjectsPython\GB_Django\lesson_01\myapp4\views.py changed, reloading.
INFO 2023-08-19 12:22:48,326 autoreload 4648 14472 Watching for file changes with StatReloader
INFO 2023-08-19 12:30:04,643 autoreload 4648 14472 C:\Users\Admin\MyProjectsPython\GB_Django\lesson_01\myapp4\views.py changed, reloading.
INFO 2023-08-19 12:30:05,197 autoreload 14620 14024 Watching for file changes with StatReloader
INFO 2023-08-19 12:30:30,516 autoreload 14620 14024 C:\Users\Admin\MyProjectsPython\GB_Django\lesson_01\myapp4\views.py changed, reloading.
INFO 2023-08-19 12:30:30,985 autoreload 1320 8880 Watching for file changes with StatReloader
INFO 2023-08-19 12:30:33,502 autoreload 1320 8880 C:\Users\Admin\MyProjectsPython\GB_Django\lesson_01\myapp4\views.py changed, reloading.
INFO 2023-08-19 12:30:34,036 autoreload 4972 14064 Watching for file changes with StatReloader
INFO 2023-08-19 12:30:56,515 basehttp 4972 14260 "POST /les4/forms/ HTTP/1.1" 200 2260
INFO 2023-08-19 12:32:40,903 autoreload 4972 14064 C:\Users\Admin\MyProjectsPython\GB_Django\lesson_01\myapp4\forms.py changed, reloading.
INFO 2023-08-19 12:32:41,407 autoreload 14452 6112 Watching for file changes with StatReloader
INFO 2023-08-19 12:32:52,109 autoreload 14452 6112 C:\Users\Admin\MyProjectsPython\GB_Django\lesson_01\myapp4\forms.py changed, reloading.
INFO 2023-08-19 12:32:52,557 autoreload 14200 3184 Watching for file changes with StatReloader
INFO 2023-08-19 12:32:58,711 basehttp 14200 2064 "POST /les4/forms/ HTTP/1.1" 200 2260
INFO 2023-08-19 12:37:14,852 autoreload 14200 3184 C:\Users\Admin\MyProjectsPython\GB_Django\lesson_01\myapp4\forms.py changed, reloading.
INFO 2023-08-19 12:37:15,347 autoreload 7136 15016 Watching for file changes with StatReloader
INFO 2023-08-19 12:40:02,282 autoreload 7136 15016 C:\Users\Admin\MyProjectsPython\GB_Django\lesson_01\myapp4\models.py changed, reloading.
INFO 2023-08-19 12:40:02,809 autoreload 1740 14112 Watching for file changes with StatReloader
INFO 2023-08-19 12:40:22,902 autoreload 1740 14112 C:\Users\Admin\MyProjectsPython\GB_Django\lesson_01\myapp4\models.py changed, reloading.
INFO 2023-08-19 12:40:23,384 autoreload 2060 2204 Watching for file changes with StatReloader
INFO 2023-08-19 12:46:58,517 autoreload 12044 9132 Watching for file changes with StatReloader
INFO 2023-08-19 12:47:03,336 basehttp 12044 4864 "GET / HTTP/1.1" 200 302
INFO 2023-08-19 12:47:09,645 basehttp 12044 4864 "GET /les4/user HTTP/1.1" 301 0
INFO 2023-08-19 12:47:09,664 basehttp 12044 14676 "GET /les4/user/ HTTP/1.1" 200 1024
INFO 2023-08-19 12:47:20,692 basehttp 12044 14676 "POST /les4/user/ HTTP/1.1" 200 1166
INFO 2023-08-19 12:47:32,274 views 12044 14676 Получили name='sdasda', email='mail@corp.mail.ru', age=30.
INFO 2023-08-19 12:47:32,299 basehttp 12044 14676 "POST /les4/user/ HTTP/1.1" 200 1088
INFO 2023-08-19 12:48:30,486 autoreload 9828 14480 Watching for file changes with StatReloader
INFO 2023-08-19 12:48:35,763 views 9828 14692 Получили name='sdasda', email='mail@corp.mail.ru', age=30.
INFO 2023-08-19 12:48:35,799 basehttp 9828 14692 "POST /les4/user/ HTTP/1.1" 200 1027
INFO 2023-08-19 12:48:39,082 views 9828 14692 Получили name='sdasda', email='mail@corp.mail.ru', age=30.
INFO 2023-08-19 12:48:39,101 basehttp 9828 14692 "POST /les4/user/ HTTP/1.1" 200 1027
INFO 2023-08-19 12:51:33,099 autoreload 9828 14480 C:\Users\Admin\MyProjectsPython\GB_Django\lesson_01\myapp4\forms.py changed, reloading.
INFO 2023-08-19 12:51:33,635 autoreload 11808 13380 Watching for file changes with StatReloader
INFO 2023-08-19 12:53:24,775 autoreload 11808 13380 C:\Users\Admin\MyProjectsPython\GB_Django\lesson_01\lesson_01\settings.py changed, reloading.
INFO 2023-08-19 12:53:25,267 autoreload 9796 14804 Watching for file changes with StatReloader
INFO 2023-08-19 12:53:56,804 autoreload 9796 14804 C:\Users\Admin\MyProjectsPython\GB_Django\lesson_01\myapp4\views.py changed, reloading.
INFO 2023-08-19 12:53:57,309 autoreload 11320 14632 Watching for file changes with StatReloader
INFO 2023-08-19 12:54:22,624 autoreload 11320 14632 C:\Users\Admin\MyProjectsPython\GB_Django\lesson_01\myapp4\views.py changed, reloading.
INFO 2023-08-19 12:54:23,161 autoreload 7960 14988 Watching for file changes with StatReloader
INFO 2023-08-19 12:56:28,649 autoreload 7960 14988 C:\Users\Admin\MyProjectsPython\GB_Django\lesson_01\myapp4\urls.py changed, reloading.
INFO 2023-08-19 12:56:29,159 autoreload 8856 2528 Watching for file changes with StatReloader
INFO 2023-08-19 13:00:46,638 basehttp 8856 7224 "GET /les4/upload HTTP/1.1" 301 0
INFO 2023-08-19 13:00:46,659 basehttp 8856 408 "GET /les4/upload/ HTTP/1.1" 200 633
INFO 2023-08-19 13:00:54,082 basehttp 8856 408 "POST /les4/upload/ HTTP/1.1" 200 633
INFO 2023-08-19 13:16:46,031 autoreload 8644 13248 Watching for file changes with StatReloader
INFO 2023-08-19 13:16:47,202 basehttp 8644 1792 "GET / HTTP/1.1" 200 302
INFO 2023-08-19 13:16:51,449 basehttp 8644 1792 "GET /admin HTTP/1.1" 301 0
INFO 2023-08-19 13:16:51,475 basehttp 8644 9960 "GET /admin/ HTTP/1.1" 302 0
INFO 2023-08-19 13:16:51,558 basehttp 8644 9960 "GET /admin/login/?next=/admin/ HTTP/1.1" 200 4267
INFO 2023-08-19 13:16:51,702 basehttp 8644 9960 "GET /static/admin/css/base.css HTTP/1.1" 200 21207
INFO 2023-08-19 13:16:51,732 basehttp 8644 3984 "GET /static/admin/css/nav_sidebar.css HTTP/1.1" 200 2694
INFO 2023-08-19 13:16:51,734 basehttp 8644 2028 "GET /static/admin/css/login.css HTTP/1.1" 200 958
INFO 2023-08-19 13:16:51,735 basehttp 8644 2592 "GET /static/admin/css/responsive.css HTTP/1.1" 200 18533
INFO 2023-08-19 13:16:51,735 basehttp 8644 14980 "GET /static/admin/css/dark_mode.css HTTP/1.1" 200 2929
INFO 2023-08-19 13:16:51,764 basehttp 8644 14980 "GET /static/admin/js/theme.js HTTP/1.1" 200 1943
INFO 2023-08-19 13:16:51,771 basehttp 8644 2592 "GET /static/admin/js/nav_sidebar.js HTTP/1.1" 200 3063
INFO 2023-08-19 13:16:59,019 basehttp 8644 2592 "POST /admin/login/?next=/admin/ HTTP/1.1" 302 0
INFO 2023-08-19 13:16:59,060 basehttp 8644 2592 "GET /admin/ HTTP/1.1" 200 5852
INFO 2023-08-19 13:16:59,086 basehttp 8644 2592 "GET /static/admin/css/dashboard.css HTTP/1.1" 200 441
INFO 2023-08-19 13:16:59,104 basehttp 8644 2592 "GET /static/admin/img/icon-addlink.svg HTTP/1.1" 200 331
INFO 2023-08-19 13:16:59,104 basehttp 8644 14980 "GET /static/admin/img/icon-changelink.svg HTTP/1.1" 200 380
INFO 2023-08-19 13:30:48,822 autoreload 8644 13248 C:\Users\Admin\MyProjectsPython\GB_Django\lesson_01\myapp5\models.py changed, reloading.
INFO 2023-08-19 13:30:49,361 autoreload 15140 6592 Watching for file changes with StatReloader
INFO 2023-08-19 13:36:35,017 autoreload 14732 5936 Watching for file changes with StatReloader
INFO 2023-08-19 13:36:36,116 basehttp 14732 13108 "GET / HTTP/1.1" 200 302
WARNING 2023-08-19 13:36:39,599 log 14732 13108 Not Found: /фвьшт
WARNING 2023-08-19 13:36:39,600 basehttp 14732 13108 "GET /%D1%84%D0%B2%D1%8C%D1%88%D1%82 HTTP/1.1" 404 2440
INFO 2023-08-19 13:36:44,471 basehttp 14732 13108 "GET /admin/ HTTP/1.1" 200 8107
INFO 2023-08-19 13:38:30,164 basehttp 14732 13108 "GET /admin/myapp3/ HTTP/1.1" 200 5730
INFO 2023-08-19 13:38:31,910 basehttp 14732 13108 "GET /admin/myapp3/post/ HTTP/1.1" 200 20559
INFO 2023-08-19 13:38:31,959 basehttp 14732 6796 "GET /admin/jsi18n/ HTTP/1.1" 200 16066
INFO 2023-08-19 13:38:32,082 basehttp 14732 13108 "GET /static/admin/css/changelists.css HTTP/1.1" 200 6566
INFO 2023-08-19 13:38:32,087 basehttp 14732 11068 "GET /static/admin/js/jquery.init.js HTTP/1.1" 200 347
INFO 2023-08-19 13:38:32,091 basehttp 14732 15276 "GET /static/admin/js/core.js HTTP/1.1" 200 5682
INFO 2023-08-19 13:38:32,095 basehttp 14732 3984 "GET /static/admin/js/admin/RelatedObjectLookups.js HTTP/1.1" 200 8943
INFO 2023-08-19 13:38:32,099 basehttp 14732 6796 "GET /static/admin/js/actions.js HTTP/1.1" 200 7872
INFO 2023-08-19 13:38:32,100 basehttp 14732 13108 "GET /static/admin/js/urlify.js HTTP/1.1" 200 7887
INFO 2023-08-19 13:38:32,104 basehttp 14732 11068 "GET /static/admin/js/prepopulate.js HTTP/1.1" 200 1531
INFO 2023-08-19 13:38:32,119 basehttp 14732 2028 "GET /static/admin/js/vendor/jquery/jquery.js HTTP/1.1" 200 292458
INFO 2023-08-19 13:38:32,123 basehttp 14732 15276 "GET /static/admin/js/vendor/xregexp/xregexp.js HTTP/1.1" 200 232381
INFO 2023-08-19 13:38:32,191 basehttp 14732 2028 "GET /static/admin/js/filters.js HTTP/1.1" 200 978
INFO 2023-08-19 13:38:32,212 basehttp 14732 15276 "GET /static/admin/img/tooltag-add.svg HTTP/1.1" 200 331
INFO 2023-08-19 13:38:33,541 basehttp 14732 15276 "GET /admin/myapp3/post/48/change/ HTTP/1.1" 200 13394
INFO 2023-08-19 13:38:33,572 basehttp 14732 2028 "GET /admin/jsi18n/ HTTP/1.1" 200 16066
INFO 2023-08-19 13:38:33,573 basehttp 14732 15276 "GET /static/admin/css/forms.css HTTP/1.1" 200 9047
INFO 2023-08-19 13:38:33,588 basehttp 14732 2028 "GET /static/admin/js/prepopulate_init.js HTTP/1.1" 200 586
INFO 2023-08-19 13:38:33,590 basehttp 14732 15276 "GET /static/admin/img/icon-viewlink.svg HTTP/1.1" 200 581
INFO 2023-08-19 13:38:33,592 basehttp 14732 11068 "GET /static/admin/css/widgets.css HTTP/1.1" 200 11900
INFO 2023-08-19 13:38:33,606 basehttp 14732 15276 "GET /static/admin/js/change_form.js HTTP/1.1" 200 606
INFO 2023-08-19 13:41:25,730 basehttp 14732 15276 "GET /admin/ HTTP/1.1" 200 8107
INFO 2023-08-19 13:41:27,889 basehttp 14732 15276 "GET /admin/myapp5/category/add/ HTTP/1.1" 200 9821
INFO 2023-08-19 13:41:27,920 basehttp 14732 15276 "GET /admin/jsi18n/ HTTP/1.1" 200 16066
INFO 2023-08-19 13:41:29,908 basehttp 14732 15276 "GET /admin/myapp5/ HTTP/1.1" 200 5755
INFO 2023-08-19 13:43:39,331 autoreload 14732 5936 C:\Users\Admin\MyProjectsPython\GB_Django\lesson_01\myapp5\models.py changed, reloading.
INFO 2023-08-19 13:43:39,827 autoreload 5528 15208 Watching for file changes with StatReloader
INFO 2023-08-19 13:48:29,956 autoreload 12692 7664 Watching for file changes with StatReloader
INFO 2023-08-19 13:48:33,828 basehttp 12692 10712 "GET /admin/myapp5/ HTTP/1.1" 200 5755
INFO 2023-08-19 13:48:35,423 basehttp 12692 10712 "GET /admin/myapp5/ HTTP/1.1" 200 5755
INFO 2023-08-19 13:48:37,318 basehttp 12692 10712 "GET /admin/ HTTP/1.1" 200 8107
INFO 2023-08-19 13:48:48,510 basehttp 12692 10712 "GET /admin/myapp5/product/add/ HTTP/1.1" 200 14116
INFO 2023-08-19 13:48:48,552 basehttp 12692 10712 "GET /admin/jsi18n/ HTTP/1.1" 200 16066
INFO 2023-08-19 13:48:50,895 basehttp 12692 10712 "GET /admin/ HTTP/1.1" 200 8107
INFO 2023-08-19 13:50:30,765 autoreload 12692 7664 C:\Users\Admin\MyProjectsPython\GB_Django\lesson_01\myapp3\admin.py changed, reloading.
INFO 2023-08-19 13:50:31,248 autoreload 7160 14180 Watching for file changes with StatReloader
INFO 2023-08-19 13:50:52,160 autoreload 7160 14180 C:\Users\Admin\MyProjectsPython\GB_Django\lesson_01\myapp5\admin.py changed, reloading.
INFO 2023-08-19 13:50:52,638 autoreload 10844 11960 Watching for file changes with StatReloader
INFO 2023-08-19 13:51:55,202 autoreload 10844 11960 C:\Users\Admin\MyProjectsPython\GB_Django\lesson_01\myapp5\admin.py changed, reloading.
INFO 2023-08-19 13:51:55,691 autoreload 15104 8704 Watching for file changes with StatReloader
INFO 2023-08-19 13:53:11,649 autoreload 15104 8704 C:\Users\Admin\MyProjectsPython\GB_Django\lesson_01\myapp5\admin.py changed, reloading.
INFO 2023-08-19 13:53:12,135 autoreload 15324 11044 Watching for file changes with StatReloader
INFO 2023-08-19 13:53:32,257 autoreload 15324 11044 C:\Users\Admin\MyProjectsPython\GB_Django\lesson_01\myapp5\admin.py changed, reloading.
INFO 2023-08-19 13:53:32,802 autoreload 11076 6104 Watching for file changes with StatReloader
INFO 2023-08-19 13:55:10,625 autoreload 11076 6104 C:\Users\Admin\MyProjectsPython\GB_Django\lesson_01\myapp5\admin.py changed, reloading.
INFO 2023-08-19 13:55:11,135 autoreload 11616 10192 Watching for file changes with StatReloader
INFO 2023-08-19 13:55:41,588 autoreload 11616 10192 C:\Users\Admin\MyProjectsPython\GB_Django\lesson_01\myapp5\admin.py changed, reloading.
INFO 2023-08-19 13:55:42,166 autoreload 2820 15280 Watching for file changes with StatReloader
INFO 2023-08-19 13:55:55,113 autoreload 2820 15280 C:\Users\Admin\MyProjectsPython\GB_Django\lesson_01\myapp5\admin.py changed, reloading.
INFO 2023-08-19 13:55:55,618 autoreload 10912 10812 Watching for file changes with StatReloader
INFO 2023-08-19 14:00:41,229 autoreload 10912 10812 C:\Users\Admin\MyProjectsPython\GB_Django\lesson_01\myapp5\admin.py changed, reloading.
INFO 2023-08-19 14:00:41,809 autoreload 12800 10476 Watching for file changes with StatReloader
INFO 2023-08-19 14:02:39,087 autoreload 12800 10476 C:\Users\Admin\MyProjectsPython\GB_Django\lesson_01\myapp5\admin.py changed, reloading.
INFO 2023-08-19 14:02:39,611 autoreload 4336 13376 Watching for file changes with StatReloader
INFO 2023-08-19 14:03:25,586 autoreload 4336 13376 C:\Users\Admin\MyProjectsPython\GB_Django\lesson_01\myapp5\admin.py changed, reloading.
INFO 2023-08-19 14:03:26,080 autoreload 15356 1168 Watching for file changes with StatReloader
INFO 2023-08-19 14:05:16,955 basehttp 15356 13264 "GET /admin/ HTTP/1.1" 200 8107
INFO 2023-08-19 14:05:18,200 basehttp 15356 13264 "GET /admin/myapp5/product/ HTTP/1.1" 200 10595
INFO 2023-08-19 14:05:18,236 basehttp 15356 14412 "GET /admin/jsi18n/ HTTP/1.1" 200 16066
INFO 2023-08-19 14:05:18,281 basehttp 15356 13264 "GET /static/admin/css/changelists.css HTTP/1.1" 200 6566
INFO 2023-08-19 14:05:18,293 basehttp 15356 13264 "GET /static/admin/img/search.svg HTTP/1.1" 200 458
INFO 2023-08-19 14:05:18,296 basehttp 15356 14412 "GET /static/admin/js/filters.js HTTP/1.1" 200 978
INFO 2023-08-19 14:05:18,303 basehttp 15356 13264 "GET /static/admin/img/tooltag-add.svg HTTP/1.1" 200 331
INFO 2023-08-19 14:05:20,178 basehttp 15356 13264 "GET /admin/myapp5/product/add/ HTTP/1.1" 200 15221
INFO 2023-08-19 14:05:20,219 basehttp 15356 14412 "GET /admin/jsi18n/ HTTP/1.1" 200 16066
INFO 2023-08-19 14:05:20,224 basehttp 15356 13264 "GET /static/admin/js/collapse.js HTTP/1.1" 200 1803
